d:\bdy\项目-源码\so_tts_adapt\g-tts_adap_105-dll\g-ttsdll-adap-105\ttsdll\release\vc120.pdb
d:\bdy\项目-源码\so_tts_adapt\g-tts_adap_105-dll\g-ttsdll-adap-105\ttsdll\release\vocoder.obj
d:\bdy\项目-源码\so_tts_adapt\g-tts_adap_105-dll\g-ttsdll-adap-105\ttsdll\release\table.obj
d:\bdy\项目-源码\so_tts_adapt\g-tts_adap_105-dll\g-ttsdll-adap-105\ttsdll\release\str_fun.obj
d:\bdy\项目-源码\so_tts_adapt\g-tts_adap_105-dll\g-ttsdll-adap-105\ttsdll\release\prosodicanalysis.obj
d:\bdy\项目-源码\so_tts_adapt\g-tts_adap_105-dll\g-ttsdll-adap-105\ttsdll\release\inter_lib.obj
d:\bdy\项目-源码\so_tts_adapt\g-tts_adap_105-dll\g-ttsdll-adap-105\ttsdll\release\hts_vocoder.obj
d:\bdy\项目-源码\so_tts_adapt\g-tts_adap_105-dll\g-ttsdll-adap-105\ttsdll\release\hts_sstream.obj
d:\bdy\项目-源码\so_tts_adapt\g-tts_adap_105-dll\g-ttsdll-adap-105\ttsdll\release\hts_pstream.obj
d:\bdy\项目-源码\so_tts_adapt\g-tts_adap_105-dll\g-ttsdll-adap-105\ttsdll\release\hts_model.obj
d:\bdy\项目-源码\so_tts_adapt\g-tts_adap_105-dll\g-ttsdll-adap-105\ttsdll\release\hts_misc.obj
d:\bdy\项目-源码\so_tts_adapt\g-tts_adap_105-dll\g-ttsdll-adap-105\ttsdll\release\hts_label.obj
d:\bdy\项目-源码\so_tts_adapt\g-tts_adap_105-dll\g-ttsdll-adap-105\ttsdll\release\hts_gstream.obj
d:\bdy\项目-源码\so_tts_adapt\g-tts_adap_105-dll\g-ttsdll-adap-105\ttsdll\release\hts_engine.obj
d:\bdy\项目-源码\so_tts_adapt\g-tts_adap_105-dll\g-ttsdll-adap-105\ttsdll\release\hts_audio.obj
d:\bdy\项目-源码\so_tts_adapt\g-tts_adap_105-dll\g-ttsdll-adap-105\ttsdll\release\getlabel.obj
d:\bdy\项目-源码\so_tts_adapt\g-tts_adap_105-dll\g-ttsdll-adap-105\ttsdll\release\char2pinyin.obj
d:\bdy\项目-源码\so_tts_adapt\g-tts_adap_105-dll\g-ttsdll-adap-105\release\ttsdll.dll
d:\bdy\项目-源码\so_tts_adapt\g-tts_adap_105-dll\g-ttsdll-adap-105\release\ttsdll.pdb
d:\bdy\项目-源码\so_tts_adapt\g-tts_adap_105-dll\g-ttsdll-adap-105\release\ttsdll.lib
d:\bdy\项目-源码\so_tts_adapt\g-tts_adap_105-dll\g-ttsdll-adap-105\release\ttsdll.exp
d:\bdy\项目-源码\so_tts_adapt\g-tts_adap_105-dll\g-ttsdll-adap-105\ttsdll\release\ttsdll.tlog\cl.command.1.tlog
d:\bdy\项目-源码\so_tts_adapt\g-tts_adap_105-dll\g-ttsdll-adap-105\ttsdll\release\ttsdll.tlog\cl.read.1.tlog
d:\bdy\项目-源码\so_tts_adapt\g-tts_adap_105-dll\g-ttsdll-adap-105\ttsdll\release\ttsdll.tlog\cl.write.1.tlog
d:\bdy\项目-源码\so_tts_adapt\g-tts_adap_105-dll\g-ttsdll-adap-105\ttsdll\release\ttsdll.tlog\link.command.1.tlog
d:\bdy\项目-源码\so_tts_adapt\g-tts_adap_105-dll\g-ttsdll-adap-105\ttsdll\release\ttsdll.tlog\link.read.1.tlog
d:\bdy\项目-源码\so_tts_adapt\g-tts_adap_105-dll\g-ttsdll-adap-105\ttsdll\release\ttsdll.tlog\link.write.1.tlog
d:\bdy\项目-源码\so_tts_adapt\g-tts_adap_105-dll\g-ttsdll-adap-105\ttsdll\release\ttsdll.tlog\ttsdll.write.1u.tlog
