d:\so_tts_adapt\g-tts_adap_105-dll\g-ttsdll-adap-105\ttsdll\debug\vc120.pdb
d:\so_tts_adapt\g-tts_adap_105-dll\g-ttsdll-adap-105\ttsdll\debug\vc120.idb
d:\so_tts_adapt\g-tts_adap_105-dll\g-ttsdll-adap-105\ttsdll\debug\char2pinyin.obj
d:\so_tts_adapt\g-tts_adap_105-dll\g-ttsdll-adap-105\ttsdll\debug\getlabel.obj
d:\so_tts_adapt\g-tts_adap_105-dll\g-ttsdll-adap-105\ttsdll\debug\hts_audio.obj
d:\so_tts_adapt\g-tts_adap_105-dll\g-ttsdll-adap-105\ttsdll\debug\hts_engine.obj
d:\so_tts_adapt\g-tts_adap_105-dll\g-ttsdll-adap-105\ttsdll\debug\hts_gstream.obj
d:\so_tts_adapt\g-tts_adap_105-dll\g-ttsdll-adap-105\ttsdll\debug\hts_label.obj
d:\so_tts_adapt\g-tts_adap_105-dll\g-ttsdll-adap-105\ttsdll\debug\hts_misc.obj
d:\so_tts_adapt\g-tts_adap_105-dll\g-ttsdll-adap-105\ttsdll\debug\hts_model.obj
d:\so_tts_adapt\g-tts_adap_105-dll\g-ttsdll-adap-105\ttsdll\debug\hts_pstream.obj
d:\so_tts_adapt\g-tts_adap_105-dll\g-ttsdll-adap-105\ttsdll\debug\hts_sstream.obj
d:\so_tts_adapt\g-tts_adap_105-dll\g-ttsdll-adap-105\ttsdll\debug\hts_vocoder.obj
d:\so_tts_adapt\g-tts_adap_105-dll\g-ttsdll-adap-105\ttsdll\debug\inter_lib.obj
d:\so_tts_adapt\g-tts_adap_105-dll\g-ttsdll-adap-105\ttsdll\debug\prosodicanalysis.obj
d:\so_tts_adapt\g-tts_adap_105-dll\g-ttsdll-adap-105\ttsdll\debug\str_fun.obj
d:\so_tts_adapt\g-tts_adap_105-dll\g-ttsdll-adap-105\ttsdll\debug\table.obj
d:\so_tts_adapt\g-tts_adap_105-dll\g-ttsdll-adap-105\ttsdll\debug\vocoder.obj
d:\so_tts_adapt\g-tts_adap_105-dll\g-ttsdll-adap-105\debug\ttsdll.pdb
d:\so_tts_adapt\g-tts_adap_105-dll\g-ttsdll-adap-105\ttsdll\debug\ttsdll.tlog\cl.command.1.tlog
d:\so_tts_adapt\g-tts_adap_105-dll\g-ttsdll-adap-105\ttsdll\debug\ttsdll.tlog\cl.read.1.tlog
d:\so_tts_adapt\g-tts_adap_105-dll\g-ttsdll-adap-105\ttsdll\debug\ttsdll.tlog\cl.write.1.tlog
d:\so_tts_adapt\g-tts_adap_105-dll\g-ttsdll-adap-105\ttsdll\debug\ttsdll.tlog\link-cvtres.read.1.tlog
d:\so_tts_adapt\g-tts_adap_105-dll\g-ttsdll-adap-105\ttsdll\debug\ttsdll.tlog\link-cvtres.write.1.tlog
d:\so_tts_adapt\g-tts_adap_105-dll\g-ttsdll-adap-105\ttsdll\debug\ttsdll.tlog\link-rc.read.1.tlog
d:\so_tts_adapt\g-tts_adap_105-dll\g-ttsdll-adap-105\ttsdll\debug\ttsdll.tlog\link-rc.write.1.tlog
d:\so_tts_adapt\g-tts_adap_105-dll\g-ttsdll-adap-105\ttsdll\debug\ttsdll.tlog\link.command.1.tlog
d:\so_tts_adapt\g-tts_adap_105-dll\g-ttsdll-adap-105\ttsdll\debug\ttsdll.tlog\link.read.1.tlog
d:\so_tts_adapt\g-tts_adap_105-dll\g-ttsdll-adap-105\ttsdll\debug\ttsdll.tlog\link.write.1.tlog
